<?xml version="1.0" encoding="UTF-8"?>
<testng-results ignored="0" total="1" passed="1" failed="0" skipped="0">
  <reporter-output>
  </reporter-output>
  <suite started-at="2023-09-11T16:03:51 IST" name="Default suite" finished-at="2023-09-11T16:04:06 IST" duration-ms="15846">
    <groups>
    </groups>
    <test started-at="2023-09-11T16:03:51 IST" name="Default test" finished-at="2023-09-11T16:04:06 IST" duration-ms="15846">
      <class name="com.selenium.masterpart1.ExtractSpecificElementOnWebPage">
        <test-method signature="openBrowser()[pri:0, instance:com.selenium.masterpart1.ExtractSpecificElementOnWebPage@791f145a]" started-at="2023-09-11T16:03:51 IST" name="openBrowser" finished-at="2023-09-11T16:04:06 IST" duration-ms="15781" status="PASS">
          <reporter-output>
          </reporter-output>
        </test-method> <!-- openBrowser -->
      </class> <!-- com.selenium.masterpart1.ExtractSpecificElementOnWebPage -->
    </test> <!-- Default test -->
  </suite> <!-- Default suite -->
</testng-results>
